 05/16/24
 z =  1  L = 0  S = 0  NV =  320  BASIS SET SIZES ARE  161  156    3
         320       12150           1
28h tables of l1, l2, p, q, s, k1, k2
    1       0    0    0    0    0     0.95459     0.51447
    2       0    0    0    1    0     0.95459     0.51447
  161       0    0    0    0   10     0.95459     0.51447
  162       0    0    0    0    0     2.85529     2.62848
  317       0    0    0    0   10     2.85529     2.62848
  318       0    0    0    0    0     8.57404     7.20593
  320       0    0    0    0    1     8.57404     7.20593
 Starting POWER, LDUMP =  T
 OK2, DONE YAX
 OK3 READ(8) SH
 OK4 calling solve           1
 done solve           1
 ITER = 1 DXM = 0.100D+01 FOR   2 E =-0.5550203308840144292440382D-01   0.393D-57
 OK1 READ(9) SH, K =           2
 OK2, DONE YAX
 OK3 READ(10) SH
 OK4 calling solve           2
 done solve           2
 ITER = 2 DXM = 0.335D-06 FOR 165 E =-0.5550203306733101018471437D-01  -0.127D-57
 OK1 READ(9) SH, K =           3
 OK2, DONE YAX
 OK3 READ(10) SH
 OK4 calling solve           3
 done solve           3
 ITER = 3 DXM = 0.412D-15 FOR 117 E =-0.5550203306733101017582593D-01   0.379D-57
 OK1 READ(9) SH, K =           4
 OK2, DONE YAX
 OK3 READ(10) SH
 OK4 calling solve           4
 done solve           4
 ITER = 4 DXM = 0.336D-24 FOR 117 E =-0.5550203306733101017582593D-01   0.343D-57
 OK1 READ(9) SH, K =           5
 OK2, DONE YAX
 OK3 READ(10) SH
 OK4 calling solve           5
 done solve           5
 ITER = 5 DXM = 0.218D-33 FOR 117 E =-0.5550203306733101017582593D-01   0.523D-57
 OK5 reading 8       51360
 done 8
 OK6 calling yax         320
 done yax
 OK7 reading 9
 done 9
 OK8 calling yax2 T
 done yax2
 starting loop 32
 DX = 0.435D-47 318  DE = 0.43405D-47-0.5550203306733101017582593D-01   0.523D-57
                                                           LOOP  1
 EIGENVECTOR IS
  7.745D-01-1.409D+00 1.119D+00 3.633D+00-1.291D-01-1.652D+00-1.866D-01
 Eold =   -0.055502033067331010175826
 Enew =   -0.055502033067331010175826
 Diff =    0.000000000000000000000000
 LOOP =  1, DERIVATIVES ARE
 -1.3541D-11 -8.0519D-11  8.5851D-12  1.8715D-11 -1.4158D-13  3.2010D-13
     0.95459     0.51447     2.85529     2.62848     8.57404     7.20593
     0.96414     0.51961     2.82673     2.60219     8.65978     7.13387
-------------------------------------------------
-------------------------------------------------
-------------------------------------------------
-------------------------------------------------
-------------------------------------------------
-------------------------------------------------
-------------------------------------------------
-------------------------------------------------
-------------------------------------------------
-------------------------------------------------
 -5.2775101653366550508791296361754D-01
  1  0  0  320  1 111S320.POW   Z= 1 1 1Se1010 12121 6            05/16/24, NDG, d     
  317    3   21   21    6
-----------------------E-N-D----------------------------
